<?xml version="1.0" encoding="UTF-8"?>
<!-- Generated by org.testng.reporters.JUnitXMLReporter -->
<testsuite ignored="0" hostname="ind040100947" failures="1" tests="1" name="Default test" time="0.68" errors="0" timestamp="2023-08-24T19:23:55 IST">
  <testcase classname="Functions.gmailapp" name="gmail" time="0.642">
    <failure type="org.openqa.selenium.SessionNotCreatedException" message="Could not start a new session. Response code 404. Message: The requested resource could not be found, or a request was received using an HTTP method that is not supported by the mapped resource 
Host info: host: &amp;apos;ind040100947&amp;apos;, ip: &amp;apos;192.168.209.94&amp;apos;
Build info: version: &amp;apos;4.10.0&amp;apos;, revision: &amp;apos;c14d967899&amp;apos;
System info: os.name: &amp;apos;Linux&amp;apos;, os.arch: &amp;apos;amd64&amp;apos;, os.version: &amp;apos;5.19.0-50-generic&amp;apos;, java.version: &amp;apos;18.0.2-ea&amp;apos;
Driver info: io.appium.java_client.android.AndroidDriver
Command: [null, newSession {capabilities=[{appium:appActivity=org.chromium.chrome.browser.firstrun.FirstRunActivity, appium:appPackage=com.google.android.gm, appium:automationName=Appium, appium:deviceName=Google Pixel 6 Pro, appium:platformName=Android Emulator, appium:platformVersion=9.0, platformName=ANDROID}], desiredCapabilities=Capabilities {appium:appActivity: org.chromium.chrome.browser..., appium:appPackage: com.google.android.gm, appium:automationName: Appium, appium:deviceName: Google Pixel 6 Pro, appium:platformName: Android Emulator, appium:platformVersion: 9.0, platformName: ANDROID}}]
Capabilities {appium:appActivity: org.chromium.chrome.browser..., appium:appPackage: com.google.android.gm, appium:automationName: Appium, appium:deviceName: Google Pixel 6 Pro, appium:platformName: Android Emulator, appium:platformVersion: 9.0, platformName: ANDROID}">
      <![CDATA[org.openqa.selenium.SessionNotCreatedException: Could not start a new session. Response code 404. Message: The requested resource could not be found, or a request was received using an HTTP method that is not supported by the mapped resource 
Host info: host: 'ind040100947', ip: '192.168.209.94'
Build info: version: '4.10.0', revision: 'c14d967899'
System info: os.name: 'Linux', os.arch: 'amd64', os.version: '5.19.0-50-generic', java.version: '18.0.2-ea'
Driver info: io.appium.java_client.android.AndroidDriver
Command: [null, newSession {capabilities=[{appium:appActivity=org.chromium.chrome.browser.firstrun.FirstRunActivity, appium:appPackage=com.google.android.gm, appium:automationName=Appium, appium:deviceName=Google Pixel 6 Pro, appium:platformName=Android Emulator, appium:platformVersion=9.0, platformName=ANDROID}], desiredCapabilities=Capabilities {appium:appActivity: org.chromium.chrome.browser..., appium:appPackage: com.google.android.gm, appium:automationName: Appium, appium:deviceName: Google Pixel 6 Pro, appium:platformName: Android Emulator, appium:platformVersion: 9.0, platformName: ANDROID}}]
Capabilities {appium:appActivity: org.chromium.chrome.browser..., appium:appPackage: com.google.android.gm, appium:automationName: Appium, appium:deviceName: Google Pixel 6 Pro, appium:platformName: Android Emulator, appium:platformVersion: 9.0, platformName: ANDROID}
at org.openqa.selenium.remote.ProtocolHandshake.createSession(ProtocolHandshake.java:140)
at java.base/jdk.internal.reflect.DirectMethodHandleAccessor.invoke(DirectMethodHandleAccessor.java:104)
at java.base/java.lang.reflect.Method.invoke(Method.java:577)
at io.appium.java_client.remote.AppiumProtocolHandshake.createSession(AppiumProtocolHandshake.java:133)
at io.appium.java_client.remote.AppiumProtocolHandshake.createSession(AppiumProtocolHandshake.java:102)
at io.appium.java_client.remote.AppiumCommandExecutor.createSession(AppiumCommandExecutor.java:182)
at io.appium.java_client.remote.AppiumCommandExecutor.execute(AppiumCommandExecutor.java:250)
at org.openqa.selenium.remote.RemoteWebDriver.execute(RemoteWebDriver.java:531)
at io.appium.java_client.AppiumDriver.startSession(AppiumDriver.java:274)
at org.openqa.selenium.remote.RemoteWebDriver.<init>(RemoteWebDriver.java:154)
at io.appium.java_client.AppiumDriver.<init>(AppiumDriver.java:89)
at io.appium.java_client.AppiumDriver.<init>(AppiumDriver.java:101)
at io.appium.java_client.android.AndroidDriver.<init>(AndroidDriver.java:113)
at Functions.gmailapp.gmail(gmailapp.java:32)
at java.base/jdk.internal.reflect.DirectMethodHandleAccessor.invoke(DirectMethodHandleAccessor.java:104)
at java.base/java.lang.reflect.Method.invoke(Method.java:577)
at org.testng.internal.invokers.MethodInvocationHelper.invokeMethod(MethodInvocationHelper.java:139)
at org.testng.internal.invokers.TestInvoker.invokeMethod(TestInvoker.java:664)
at org.testng.internal.invokers.TestInvoker.invokeTestMethod(TestInvoker.java:227)
at org.testng.internal.invokers.MethodRunner.runInSequence(MethodRunner.java:50)
at org.testng.internal.invokers.TestInvoker$MethodInvocationAgent.invoke(TestInvoker.java:957)
at org.testng.internal.invokers.TestInvoker.invokeTestMethods(TestInvoker.java:200)
at org.testng.internal.invokers.TestMethodWorker.invokeTestMethods(TestMethodWorker.java:148)
at org.testng.internal.invokers.TestMethodWorker.run(TestMethodWorker.java:128)
at java.base/java.util.ArrayList.forEach(ArrayList.java:1511)
at org.testng.TestRunner.privateRun(TestRunner.java:848)
at org.testng.TestRunner.run(TestRunner.java:621)
at org.testng.SuiteRunner.runTest(SuiteRunner.java:443)
at org.testng.SuiteRunner.runSequentially(SuiteRunner.java:437)
at org.testng.SuiteRunner.privateRun(SuiteRunner.java:397)
at org.testng.SuiteRunner.run(SuiteRunner.java:336)
at org.testng.SuiteRunnerWorker.runSuite(SuiteRunnerWorker.java:52)
at org.testng.SuiteRunnerWorker.run(SuiteRunnerWorker.java:95)
at org.testng.TestNG.runSuitesSequentially(TestNG.java:1280)
at org.testng.TestNG.runSuitesLocally(TestNG.java:1200)
at org.testng.TestNG.runSuites(TestNG.java:1114)
at org.testng.TestNG.run(TestNG.java:1082)
at org.testng.remote.AbstractRemoteTestNG.run(AbstractRemoteTestNG.java:115)
at org.testng.remote.RemoteTestNG.initAndRun(RemoteTestNG.java:251)
at org.testng.remote.RemoteTestNG.main(RemoteTestNG.java:77)
]]>
    </failure>
  </testcase> <!-- gmail -->
</testsuite> <!-- Default test -->
