<?xml version="1.0" encoding="UTF-8"?>
<testng-results ignored="0" total="1" passed="0" failed="1" skipped="0">
  <reporter-output>
  </reporter-output>
  <suite started-at="2023-08-24T19:23:54 IST" name="Default suite" finished-at="2023-08-24T19:23:55 IST" duration-ms="680">
    <groups>
    </groups>
    <test started-at="2023-08-24T19:23:54 IST" name="Default test" finished-at="2023-08-24T19:23:55 IST" duration-ms="680">
      <class name="Functions.gmailapp">
        <test-method signature="gmail()[pri:0, instance:Functions.gmailapp@6973b51b]" started-at="2023-08-24T19:23:54 IST" name="gmail" finished-at="2023-08-24T19:23:55 IST" duration-ms="642" status="FAIL">
          <exception class="org.openqa.selenium.SessionNotCreatedException">
            <message>
              <![CDATA[Could not start a new session. Response code 404. Message: The requested resource could not be found, or a request was received using an HTTP method that is not supported by the mapped resource 
Host info: host: 'ind040100947', ip: '192.168.209.94'
Build info: version: '4.10.0', revision: 'c14d967899'
System info: os.name: 'Linux', os.arch: 'amd64', os.version: '5.19.0-50-generic', java.version: '18.0.2-ea'
Driver info: io.appium.java_client.android.AndroidDriver
Command: [null, newSession {capabilities=[{appium:appActivity=org.chromium.chrome.browser.firstrun.FirstRunActivity, appium:appPackage=com.google.android.gm, appium:automationName=Appium, appium:deviceName=Google Pixel 6 Pro, appium:platformName=Android Emulator, appium:platformVersion=9.0, platformName=ANDROID}], desiredCapabilities=Capabilities {appium:appActivity: org.chromium.chrome.browser..., appium:appPackage: com.google.android.gm, appium:automationName: Appium, appium:deviceName: Google Pixel 6 Pro, appium:platformName: Android Emulator, appium:platformVersion: 9.0, platformName: ANDROID}}]
Capabilities {appium:appActivity: org.chromium.chrome.browser..., appium:appPackage: com.google.android.gm, appium:automationName: Appium, appium:deviceName: Google Pixel 6 Pro, appium:platformName: Android Emulator, appium:platformVersion: 9.0, platformName: ANDROID}]]>
            </message>
            <full-stacktrace>
              <![CDATA[org.openqa.selenium.SessionNotCreatedException: Could not start a new session. Response code 404. Message: The requested resource could not be found, or a request was received using an HTTP method that is not supported by the mapped resource 
Host info: host: 'ind040100947', ip: '192.168.209.94'
Build info: version: '4.10.0', revision: 'c14d967899'
System info: os.name: 'Linux', os.arch: 'amd64', os.version: '5.19.0-50-generic', java.version: '18.0.2-ea'
Driver info: io.appium.java_client.android.AndroidDriver
Command: [null, newSession {capabilities=[{appium:appActivity=org.chromium.chrome.browser.firstrun.FirstRunActivity, appium:appPackage=com.google.android.gm, appium:automationName=Appium, appium:deviceName=Google Pixel 6 Pro, appium:platformName=Android Emulator, appium:platformVersion=9.0, platformName=ANDROID}], desiredCapabilities=Capabilities {appium:appActivity: org.chromium.chrome.browser..., appium:appPackage: com.google.android.gm, appium:automationName: Appium, appium:deviceName: Google Pixel 6 Pro, appium:platformName: Android Emulator, appium:platformVersion: 9.0, platformName: ANDROID}}]
Capabilities {appium:appActivity: org.chromium.chrome.browser..., appium:appPackage: com.google.android.gm, appium:automationName: Appium, appium:deviceName: Google Pixel 6 Pro, appium:platformName: Android Emulator, appium:platformVersion: 9.0, platformName: ANDROID}
at org.openqa.selenium.remote.ProtocolHandshake.createSession(ProtocolHandshake.java:140)
at java.base/jdk.internal.reflect.DirectMethodHandleAccessor.invoke(DirectMethodHandleAccessor.java:104)
at java.base/java.lang.reflect.Method.invoke(Method.java:577)
at io.appium.java_client.remote.AppiumProtocolHandshake.createSession(AppiumProtocolHandshake.java:133)
at io.appium.java_client.remote.AppiumProtocolHandshake.createSession(AppiumProtocolHandshake.java:102)
at io.appium.java_client.remote.AppiumCommandExecutor.createSession(AppiumCommandExecutor.java:182)
at io.appium.java_client.remote.AppiumCommandExecutor.execute(AppiumCommandExecutor.java:250)
at org.openqa.selenium.remote.RemoteWebDriver.execute(RemoteWebDriver.java:531)
at io.appium.java_client.AppiumDriver.startSession(AppiumDriver.java:274)
at org.openqa.selenium.remote.RemoteWebDriver.<init>(RemoteWebDriver.java:154)
at io.appium.java_client.AppiumDriver.<init>(AppiumDriver.java:89)
at io.appium.java_client.AppiumDriver.<init>(AppiumDriver.java:101)
at io.appium.java_client.android.AndroidDriver.<init>(AndroidDriver.java:113)
at Functions.gmailapp.gmail(gmailapp.java:32)
at java.base/jdk.internal.reflect.DirectMethodHandleAccessor.invoke(DirectMethodHandleAccessor.java:104)
at java.base/java.lang.reflect.Method.invoke(Method.java:577)
at org.testng.internal.invokers.MethodInvocationHelper.invokeMethod(MethodInvocationHelper.java:139)
at org.testng.internal.invokers.TestInvoker.invokeMethod(TestInvoker.java:664)
at org.testng.internal.invokers.TestInvoker.invokeTestMethod(TestInvoker.java:227)
at org.testng.internal.invokers.MethodRunner.runInSequence(MethodRunner.java:50)
at org.testng.internal.invokers.TestInvoker$MethodInvocationAgent.invoke(TestInvoker.java:957)
at org.testng.internal.invokers.TestInvoker.invokeTestMethods(TestInvoker.java:200)
at org.testng.internal.invokers.TestMethodWorker.invokeTestMethods(TestMethodWorker.java:148)
at org.testng.internal.invokers.TestMethodWorker.run(TestMethodWorker.java:128)
at java.base/java.util.ArrayList.forEach(ArrayList.java:1511)
at org.testng.TestRunner.privateRun(TestRunner.java:848)
at org.testng.TestRunner.run(TestRunner.java:621)
at org.testng.SuiteRunner.runTest(SuiteRunner.java:443)
at org.testng.SuiteRunner.runSequentially(SuiteRunner.java:437)
at org.testng.SuiteRunner.privateRun(SuiteRunner.java:397)
at org.testng.SuiteRunner.run(SuiteRunner.java:336)
at org.testng.SuiteRunnerWorker.runSuite(SuiteRunnerWorker.java:52)
at org.testng.SuiteRunnerWorker.run(SuiteRunnerWorker.java:95)
at org.testng.TestNG.runSuitesSequentially(TestNG.java:1280)
at org.testng.TestNG.runSuitesLocally(TestNG.java:1200)
at org.testng.TestNG.runSuites(TestNG.java:1114)
at org.testng.TestNG.run(TestNG.java:1082)
at org.testng.remote.AbstractRemoteTestNG.run(AbstractRemoteTestNG.java:115)
at org.testng.remote.RemoteTestNG.initAndRun(RemoteTestNG.java:251)
at org.testng.remote.RemoteTestNG.main(RemoteTestNG.java:77)
]]>
            </full-stacktrace>
          </exception> <!-- org.openqa.selenium.SessionNotCreatedException -->
          <reporter-output>
          </reporter-output>
        </test-method> <!-- gmail -->
      </class> <!-- Functions.gmailapp -->
    </test> <!-- Default test -->
  </suite> <!-- Default suite -->
</testng-results>
